#
# A fatal error has been detected by the Java Runtime Environment:
#
#  EXCEPTION_STACK_OVERFLOW (0xc00000fd) at pc=0x0000000071eb9b07, pid=2320, tid=644
#
# JRE version:  (8.0_20-b26) (build )
# Java VM: Java HotSpot(TM) 64-Bit Server VM (25.20-b23 mixed mode windows-amd64 compressed oops)
# Problematic frame:
# V  [jvm.dll+0x1f9b07]
#
# Failed to write core dump. Minidumps are not enabled by default on client versions of Windows
#
# If you would like to submit a bug report, please visit:
#   http://bugreport.sun.com/bugreport/crash.jsp
#

---------------  T H R E A D  ---------------

Current thread (0x0000000054fd4000):  JavaThread "Finalizer" daemon [_thread_in_vm, id=644, stack(0x0000000055e70000,0x0000000055f70000)]

siginfo: ExceptionCode=0xc00000fd, ExceptionInformation=0x0000000000000001 0x0000000055f6c160 

Registers:
RAX=0x0000000055f6c160, RBX=0x0000000000000004, RCX=0x0000000000003000, RDX=0x0000000000000006
RSP=0x0000000055f6f160, RBP=0x0000000000000000, RSI=0x0000000055f6f160, RDI=0x0000000000000004
R8 =0x0000000000000006, R9 =0x0000000054f653c0, R10=0x0000000054757a48, R11=0x0000000055e7a160
R12=0x0000000054f653c0, R13=0x0000000054fd4000, R14=0x0000000055f6f228, R15=0x0000000054757a48
RIP=0x0000000071eb9b07, EFLAGS=0x0000000000010206

Top of Stack: (sp=0x0000000055f6f160)
0x0000000055f6f160:   00000000c80000c8 0000000000000000
0x0000000055f6f170:   0000000054fd4000 0000000054f653c0
0x0000000055f6f180:   00000000ffffffff 0000000071ebaa37
0x0000000055f6f190:   0000000055f6f290 0000000054757a48
0x0000000055f6f1a0:   0000000054fd4000 0000000071d711c3
0x0000000055f6f1b0:   0000000055f6f1f0 0000000054fd4000
0x0000000055f6f1c0:   0000000055f6f280 0000000054fd4000
0x0000000055f6f1d0:   0000000054757a48 0000000054fd4000
0x0000000055f6f1e0:   0000000002a00e00 0000000054fd4000
0x0000000055f6f1f0:   0000000054757a48 0000000054fd4000
0x0000000055f6f200:   00000000546cbfd0 0000000054fd4000
0x0000000055f6f210:   0000000000000001 0000000054757a48
0x0000000055f6f220:   0000000054fd4000 0000000054fd4d30
0x0000000055f6f230:   0000000054fd4000 0000000071d726ad
0x0000000055f6f240:   0000000055f6f548 00000000146a6448
0x0000000055f6f250:   00000000146b5b60 000000007226cfa3 

Instructions: (pc=0x0000000071eb9b07)
0x0000000071eb9ae7:   48 89 6c 24 30 33 ed 66 90 e8 9b 5a 08 00 ff c3
0x0000000071eb9af7:   48 63 c8 48 8b c6 48 0f af cf 48 ff c7 48 2b c1
0x0000000071eb9b07:   89 28 48 63 c3 48 3b 05 ed 64 57 00 7e db 48 8b
0x0000000071eb9b17:   6c 24 30 48 8b 5c 24 38 48 8b 74 24 40 48 83 c4 


Register to memory mapping:

RAX=0x0000000055f6c160 is pointing into the stack for thread: 0x0000000054fd4000
RBX=0x0000000000000004 is an unknown value
RCX=0x0000000000003000 is an unknown value
RDX=0x0000000000000006 is an unknown value
RSP=0x0000000055f6f160 is pointing into the stack for thread: 0x0000000054fd4000
RBP=0x0000000000000000 is an unknown value
RSI=0x0000000055f6f160 is pointing into the stack for thread: 0x0000000054fd4000
RDI=0x0000000000000004 is an unknown value
R8 =0x0000000000000006 is an unknown value
R9 =0x0000000054f653c0 is an unknown value
R10={method} {0x0000000054757a50} 'run' '()V' in 'java/lang/ref/Finalizer$FinalizerThread'
R11=0x0000000055e7a160 is pointing into the stack for thread: 0x0000000054fd4000
R12=0x0000000054f653c0 is an unknown value
R13=0x0000000054fd4000 is a thread
R14=0x0000000055f6f228 is pointing into the stack for thread: 0x0000000054fd4000
R15={method} {0x0000000054757a50} 'run' '()V' in 'java/lang/ref/Finalizer$FinalizerThread'


Stack: [0x0000000055e70000,0x0000000055f70000],  sp=0x0000000055f6f160,  free space=1020k
