#
# There is insufficient memory for the Java Runtime Environment to continue.
# Native memory allocation (malloc) failed to allocate 1048576 bytes for AllocateHeap
# Possible reasons:
#   The system is out of physical RAM or swap space
#   In 32 bit mode, the process size limit was hit
# Possible solutions:
#   Reduce memory load on the system
#   Increase physical memory or swap space
#   Check if swap backing store is full
#   Use 64 bit Java on a 64 bit OS
#   Decrease Java heap size (-Xmx/-Xms)
#   Decrease number of Java threads
#   Decrease Java thread stack sizes (-Xss)
#   Set larger code cache with -XX:ReservedCodeCacheSize=
# This output file may be truncated or incomplete.
#
#  Out of Memory Error (memory/allocation.inline.hpp:62), pid=2536, tid=720
#
# JRE version:  (8.0_20-b26) (build )
# Java VM: Java HotSpot(TM) 64-Bit Server VM (25.20-b23 mixed mode windows-amd64 compressed oops)
# Failed to write core dump. Minidumps are not enabled by default on client versions of Windows
#

---------------  T H R E A D  ---------------

Current thread (0x0000000001f3e000):  JavaThread "Unknown thread" [_thread_in_vm, id=720, stack(0x0000000002560000,0x0000000002660000)]

Stack: [0x0000000002560000,0x0000000002660000]
Native frames: (J=compiled Java code, j=interpreted, Vv=VM code, C=native code)
V  [jvm.dll+0x3152fa]


---------------  P R O C E S S  ---------------

Java Threads: ( => current thread )

Other Threads:

=>0x0000000001f3e000 (exited) JavaThread "Unknown thread" [_thread_in_vm, id=720, stack(0x0000000002560000,0x0000000002660000)]

VM state:not at safepoint (normal execution)

VM Mutex/Monitor currently owned by a thread: None

Heap:
 PSYoungGen      total 2048K, used 30K [0x00000000eab00000, 0x00000000ead80000, 0x0000000100000000)
  eden space 1536K, 2% used [0x00000000eab00000,0x00000000eab07af0,0x00000000eac80000)
  from space 512K, 0% used [0x00000000ead00000,0x00000000ead00000,0x00000000ead80000)
  to   space 512K, 0% used [0x00000000eac80000,0x00000000eac80000,0x00000000ead00000)
 ParOldGen       total 5632K, used 0K [0x00000000c0000000, 0x00000000c0580000, 0x00000000eab00000)
  object space 5632K, 0% used [0x00000000c0000000,0x00000000c0000000,0x00000000c0580000)
 Metaspace       used 674K, capacity 4480K, committed 4480K, reserved 1056768K
  class space    used 66K, capacity 384K, committed 384K, reserved 1048576K

Card table byte_map: [0x0000000011cf0000,0x0000000011f00000] byte_map_base: 0x00000000116f0000

Marking Bits: (ParMarkBitMap*) 0x000000007249b460
 Begin Bits: [0x0000000012390000, 0x0000000013390000)
 End Bits:   [0x0000000013390000, 0x0000000014390000)

Polling page: 0x0000000000330000

CodeCache: size=245760Kb used=326Kb max_used=326Kb free=245433Kb
 bounds [0x0000000002930000, 0x0000000002ba0000, 0x0000000011930000]
 total_blobs=55 nmethods=0 adapters=37
 compilation: enabled

Compilation events (0 events):
No events

GC Heap History (0 events):
No events

Deoptimization events (0 events):
No events

Internal exceptions (0 events):
No events

Events (10 events):
Event: 0.081 loading class java/lang/Short
Event: 0.081 loading class java/lang/Short done
Event: 0.081 loading class java/lang/Integer
Event: 0.082 loading class java/lang/Integer done
Event: 0.082 loading class java/lang/Long
Event: 0.082 loading class java/lang/Long done
Event: 0.082 loading class java/lang/NullPointerException
Event: 0.082 loading class java/lang/NullPointerException done
Event: 0.082 loading class java/lang/ArithmeticException
Event: 0.083 loading class java/lang/ArithmeticException done


Dynamic libraries:
0x000000013fa30000 - 0x000000013fa37000 	C:\Program Files\Java\jdk1.8.0_20\bin\javac.exe
0x0000000077be0000 - 0x0000000077d8b000 	C:\windows\SYSTEM32\ntdll.dll
0x00000000779c0000 - 0x0000000077adf000 	C:\windows\system32\kernel32.dll
0x000007fefdc30000 - 0x000007fefdc9b000 	C:\windows\system32\KERNELBASE.dll
0x0000000074cc0000 - 0x0000000074cec000 	C:\Program Files\Java\jdk1.8.0_20\bin\jli.dll
0x000007fefea60000 - 0x000007fefeb3b000 	C:\windows\system32\ADVAPI32.dll
0x000007fefed90000 - 0x000007fefee2f000 	C:\windows\system32\msvcrt.dll
0x000007feffcc0000 - 0x000007feffcdf000 	C:\windows\SYSTEM32\sechost.dll
0x000007fefdf10000 - 0x000007fefe03e000 	C:\windows\system32\RPCRT4.dll
0x000007fefc500000 - 0x000007fefc6f4000 	C:\windows\WinSxS\amd64_microsoft.windows.common-controls_6595b64144ccf1df_6.0.7600.16385_none_fa645303170382f6\COMCTL32.dll
0x000007fefe040000 - 0x000007fefe0a7000 	C:\windows\system32\GDI32.dll
0x0000000077ae0000 - 0x0000000077bda000 	C:\windows\system32\USER32.dll
0x000007feffc10000 - 0x000007feffc1e000 	C:\windows\system32\LPK.dll
0x000007fefebc0000 - 0x000007fefec8a000 	C:\windows\system32\USP10.dll
0x000007fefeb40000 - 0x000007fefebb1000 	C:\windows\system32\SHLWAPI.dll
0x00000000748b0000 - 0x0000000074982000 	C:\Program Files\Java\jdk1.8.0_20\bin\MSVCR100.dll
0x000007fefed10000 - 0x000007fefed3e000 	C:\windows\system32\IMM32.DLL
0x000007fefe860000 - 0x000007fefe969000 	C:\windows\system32\MSCTF.dll
0x0000000074bb0000 - 0x0000000074c82000 	C:\Program Files\Java\jdk1.8.0_20\jre\bin\msvcr100.dll
0x0000000071cc0000 - 0x0000000072518000 	C:\Program Files\Java\jdk1.8.0_20\jre\bin\server\jvm.dll
0x000007fef61d0000 - 0x000007fef61d9000 	C:\windows\system32\WSOCK32.dll
0x000007fefee30000 - 0x000007fefee7d000 	C:\windows\system32\WS2_32.dll
0x000007fefea50000 - 0x000007fefea58000 	C:\windows\system32\NSI.dll
0x000007fefabc0000 - 0x000007fefabfb000 	C:\windows\system32\WINMM.dll
0x0000000077db0000 - 0x0000000077db7000 	C:\windows\system32\PSAPI.DLL
0x0000000075770000 - 0x000000007577f000 	C:\Program Files\Java\jdk1.8.0_20\jre\bin\verify.dll
0x0000000075140000 - 0x0000000075168000 	C:\Program Files\Java\jdk1.8.0_20\jre\bin\java.dll
0x0000000075120000 - 0x0000000075136000 	C:\Program Files\Java\jdk1.8.0_20\jre\bin\zip.dll

VM Arguments:
jvm_args: -Dapplication.home=C:\Program Files\Java\jdk1.8.0_20 -Xms8m 
java_command: com.sun.tools.javac.Main -d C:\Users\Administrateur\Documents\NetBeansProjects\TP_OUTILS_FORMELS\TP_OUTILS_FORMEL\build\classes -classpath C:\Users\Administrateur\Documents\NetBeansProjects\TP_OUTILS_FORMELS\TP_OUTILS_FORMEL\build\classes -sourcepath C:\Users\Administrateur\Documents\NetBeansProjects\TP_OUTILS_FORMELS\TP_OUTILS_FORMEL\src -target 1.8 -encoding UTF-8 -g -processorpath C:\Users\Administrateur\Documents\NetBeansProjects\TP_OUTILS_FORMELS\TP_OUTILS_FORMEL\build\empty -s C:\Users\Administrateur\Documents\NetBeansProjects\TP_OUTILS_FORMELS\TP_OUTILS_FORMEL\build\generated-sources\ap-source-output -source 1.8 C:\Users\Administrateur\Documents\NetBeansProjects\TP_OUTILS_FORMELS\TP_OUTILS_FORMEL\src\tp_outils_formel\Ihm.java
java_class_path (initial): C:\Program Files\Java\jdk1.8.0_20/lib/tools.jar;C:\Program Files\Java\jdk1.8.0_20/classes
Launcher Type: SUN_STANDARD

Environment Variables:
PATH=C:\ProgramData\Oracle\Java\javapath;C:\windows\system32;C:\windows;C:\windows\System32\Wbem;C:\windows\System32\WindowsPowerShell\v1.0\;C:\Program Files\TortoiseSVN\bin;C:\Program Files (x86)\Windows Kits\8.0\Windows Performance Toolkit\;C:\Program Files\Microsoft SQL Server\110\Tools\Binn\;C:\Program Files\doxygen\bin
USERNAME=Administrateur
OS=Windows_NT
PROCESSOR_IDENTIFIER=Intel64 Family 6 Model 63 Stepping 2, GenuineIntel



---------------  S Y S T E M  ---------------

OS: Windows 7 , 64 bit Build 7600 

CPU:total 2 (2 cores per cpu, 1 threads per core) family 6 model 63 stepping 2, cmov, cx8, fxsr, mmx, sse, sse2, sse3, ssse3, sse4.1, sse4.2, popcnt, aes, clmul, erms, tsc, tscinvbit

Memory: 4k page, physical 4193784k(1060952k free), swap 4191888k(5120k free)

vm_info: Java HotSpot(TM) 64-Bit Server VM (25.20-b23) for windows-amd64 JRE (1.8.0_20-b26), built on Jul 30 2014 13:51:23 by "java_re" with MS VC++ 10.0 (VS2010)

time: Wed Feb 01 11:13:51 2017
elapsed time: 0 seconds (0d 0h 0m 0s)

